timestamp: 2012-02-06T19:54:42.595000
CREATE TABLE auth_user(
    id INTEGER PRIMARY KEY AUTOINCREMENT,
    first_name CHAR(128),
    last_name CHAR(128),
    email CHAR(512),
    password CHAR(512),
    registration_key CHAR(512),
    reset_password_key CHAR(512),
    registration_id CHAR(512)
);
success!
timestamp: 2012-02-06T19:54:44.575000
CREATE TABLE auth_group(
    id INTEGER PRIMARY KEY AUTOINCREMENT,
    role CHAR(512),
    description TEXT
);
success!
timestamp: 2012-02-06T19:54:45.728000
CREATE TABLE auth_membership(
    id INTEGER PRIMARY KEY AUTOINCREMENT,
    user_id INTEGER REFERENCES auth_user(id) ON DELETE CASCADE,
    group_id INTEGER REFERENCES auth_group(id) ON DELETE CASCADE
);
success!
timestamp: 2012-02-06T19:54:46.270000
CREATE TABLE auth_permission(
    id INTEGER PRIMARY KEY AUTOINCREMENT,
    group_id INTEGER REFERENCES auth_group(id) ON DELETE CASCADE,
    name CHAR(512),
    table_name CHAR(512),
    record_id INTEGER
);
success!
timestamp: 2012-02-06T19:54:47.090000
CREATE TABLE auth_event(
    id INTEGER PRIMARY KEY AUTOINCREMENT,
    time_stamp TIMESTAMP,
    client_ip CHAR(512),
    user_id INTEGER REFERENCES auth_user(id) ON DELETE CASCADE,
    origin CHAR(512),
    description TEXT
);
success!
timestamp: 2012-02-06T19:54:47.460000
CREATE TABLE auth_cas(
    id INTEGER PRIMARY KEY AUTOINCREMENT,
    user_id INTEGER REFERENCES auth_user(id) ON DELETE CASCADE,
    created_on TIMESTAMP,
    service CHAR(512),
    ticket CHAR(512),
    renew CHAR(1)
);
success!
timestamp: 2012-02-06T19:54:47.619000
CREATE TABLE urls(
    id INTEGER PRIMARY KEY AUTOINCREMENT,
    url CHAR(512) NOT NULL UNIQUE,
    active INTEGER
);
success!
timestamp: 2012-02-08T14:34:35.915000
CREATE TABLE posts(
    id INTEGER PRIMARY KEY AUTOINCREMENT,
    title CHAR(512),
    post TEXT,
    votes INTEGER
);
success!
timestamp: 2012-02-08T14:34:36.221000
CREATE TABLE responses(
    id INTEGER PRIMARY KEY AUTOINCREMENT,
    message CHAR(512),
    votes INTEGER
);
success!
timestamp: 2012-02-08T14:34:36.362000
CREATE TABLE comments(
    id INTEGER PRIMARY KEY AUTOINCREMENT,
    message CHAR(512),
    votes INTEGER
);
success!
timestamp: 2012-02-13T14:24:51.033000
ALTER TABLE posts ADD message TEXT;
timestamp: 2012-02-13T14:24:51.173000
ALTER TABLE responses ADD post INTEGER REFERENCES posts(id) ON DELETE CASCADE;
timestamp: 2012-02-13T14:24:51.328000
ALTER TABLE comments ADD post INTEGER REFERENCES posts(id) ON DELETE CASCADE;
timestamp: 2012-02-13T14:24:51.599000
CREATE TABLE comments_r(
    id INTEGER PRIMARY KEY AUTOINCREMENT,
    message CHAR(512),
    response INTEGER REFERENCES responses(id) ON DELETE CASCADE,
    votes INTEGER
);
success!
